[debug] [2024-12-02T18:42:31.860Z] ----------------------------------------------------------------------
[debug] [2024-12-02T18:42:31.864Z] Command:       C:\Program Files\nodejs\node.exe C:\Users\User\AppData\Roaming\npm\node_modules\firebase-tools\lib\bin\firebase.js init hosting
[debug] [2024-12-02T18:42:31.864Z] CLI Version:   13.25.0
[debug] [2024-12-02T18:42:31.865Z] Platform:      win32
[debug] [2024-12-02T18:42:31.865Z] Node Version:  v20.18.0
[debug] [2024-12-02T18:42:31.865Z] Time:          Mon Dec 02 2024 19:42:31 GMT+0100 (heure normale d’Europe centrale)
[debug] [2024-12-02T18:42:31.865Z] ----------------------------------------------------------------------
[debug] 
[debug] [2024-12-02T18:42:31.873Z] > command requires scopes: ["email","openid","https://www.googleapis.com/auth/cloudplatformprojects.readonly","https://www.googleapis.com/auth/firebase","https://www.googleapis.com/auth/cloud-platform"]
[debug] [2024-12-02T18:42:31.874Z] > authorizing via signed-in user (safebenabdrabah@gmail.com)
[info] 
     ######## #### ########  ######## ########     ###     ######  ########
     ##        ##  ##     ## ##       ##     ##  ##   ##  ##       ##
     ######    ##  ########  ######   ########  #########  ######  ######
     ##        ##  ##    ##  ##       ##     ## ##     ##       ## ##
     ##       #### ##     ## ######## ########  ##     ##  ######  ########

You're about to initialize a Firebase project in this directory:

  C:\Users\User\yallashop

[info] 
=== Project Setup
[info] 
[info] First, let's associate this project directory with a Firebase project.
[info] You can create multiple project aliases by running firebase use --add, 
[info] but for now we'll just set up a default project.
[info] 
[debug] [2024-12-02T18:43:06.309Z] Checked if tokens are valid: false, expires at: 1731795498077
[debug] [2024-12-02T18:43:06.310Z] Checked if tokens are valid: false, expires at: 1731795498077
[debug] [2024-12-02T18:43:06.310Z] > refreshing access token with scopes: []
[debug] [2024-12-02T18:43:06.312Z] >>> [apiv2][query] POST https://www.googleapis.com/oauth2/v3/token [none]
[debug] [2024-12-02T18:43:06.313Z] >>> [apiv2][body] POST https://www.googleapis.com/oauth2/v3/token [omitted]
[debug] [2024-12-02T18:43:06.559Z] <<< [apiv2][status] POST https://www.googleapis.com/oauth2/v3/token 200
[debug] [2024-12-02T18:43:06.560Z] <<< [apiv2][body] POST https://www.googleapis.com/oauth2/v3/token [omitted]
[debug] [2024-12-02T18:43:06.572Z] >>> [apiv2][query] GET https://firebase.googleapis.com/v1beta1/projects pageSize=100
[debug] [2024-12-02T18:43:07.034Z] <<< [apiv2][status] GET https://firebase.googleapis.com/v1beta1/projects 200
[debug] [2024-12-02T18:43:07.034Z] <<< [apiv2][body] GET https://firebase.googleapis.com/v1beta1/projects [omitted]
[info] i  Using project yallashop-be83b (yallashop) 
[info] 
=== Hosting Setup
[debug] [2024-12-02T18:43:09.846Z] Checked if tokens are valid: true, expires at: 1733168585560
[debug] [2024-12-02T18:43:09.846Z] Checked if tokens are valid: true, expires at: 1733168585560
[debug] [2024-12-02T18:43:09.847Z] >>> [apiv2][query] GET https://firebase.googleapis.com/v1beta1/projects/yallashop-be83b [none]
[debug] [2024-12-02T18:43:10.096Z] <<< [apiv2][status] GET https://firebase.googleapis.com/v1beta1/projects/yallashop-be83b 200
[debug] [2024-12-02T18:43:10.096Z] <<< [apiv2][body] GET https://firebase.googleapis.com/v1beta1/projects/yallashop-be83b {"projectId":"yallashop-be83b","projectNumber":"452625756907","displayName":"yallashop","name":"projects/yallashop-be83b","resources":{"hostingSite":"yallashop-be83b"},"state":"ACTIVE","etag":"1_e5585bcb-2d18-4d4b-ba6c-9067bda61d8a"}
[info] 
[info] Your public directory is the folder (relative to your project directory) that
[info] will contain Hosting assets to be uploaded with firebase deploy. If you
[info] have a build process for your assets, use your build's output directory.
[info] 
[debug] [2024-12-02T19:01:52.737Z] >>> [apiv2][query] GET https://www.gstatic.com/firebasejs/releases.json [none]
[debug] [2024-12-02T19:01:52.881Z] <<< [apiv2][status] GET https://www.gstatic.com/firebasejs/releases.json 200
[debug] [2024-12-02T19:01:52.881Z] <<< [apiv2][body] GET https://www.gstatic.com/firebasejs/releases.json {"current":{"version":"11.0.2","browserURL":"https://www.gstatic.com/firebasejs/11.0.2/firebase.js","packageURL":"https://www.gstatic.com/firebasejs/11.0.2/firebase.tgz"},"live":{"version":"11.0","browserURL":"https://www.gstatic.com/firebasejs/live/11.0/firebase.js","packageURL":"https://www.gstatic.com/firebasejs/live/11.0/firebase.tgz"},"components":{"analytics":"https://www.gstatic.com/firebasejs/11.0.2/firebase-analytics.js","app":"https://www.gstatic.com/firebasejs/11.0.2/firebase-app.js","app-check":"https://www.gstatic.com/firebasejs/11.0.2/firebase-app-check.js","auth":"https://www.gstatic.com/firebasejs/11.0.2/firebase-auth.js","auth/cordova":"https://www.gstatic.com/firebasejs/11.0.2/firebase-auth/cordova.js","auth/web-extension":"https://www.gstatic.com/firebasejs/11.0.2/firebase-auth/web-extension.js","functions":"https://www.gstatic.com/firebasejs/11.0.2/firebase-functions.js","firestore":"https://www.gstatic.com/firebasejs/11.0.2/firebase-firestore.js","firestore/lite":"https://www.gstatic.com/firebasejs/11.0.2/firebase-firestore/lite.js","installations":"https://www.gstatic.com/firebasejs/11.0.2/firebase-installations.js","storage":"https://www.gstatic.com/firebasejs/11.0.2/firebase-storage.js","performance":"https://www.gstatic.com/firebasejs/11.0.2/firebase-performance.js","remote-config":"https://www.gstatic.com/firebasejs/11.0.2/firebase-remote-config.js","messaging":"https://www.gstatic.com/firebasejs/11.0.2/firebase-messaging.js","messaging/sw":"https://www.gstatic.com/firebasejs/11.0.2/firebase-messaging/sw.js","database":"https://www.gstatic.com/firebasejs/11.0.2/firebase-database.js","vertexai":"https://www.gstatic.com/firebasejs/11.0.2/firebase-vertexai.js","data-connect":"https://www.gstatic.com/firebasejs/11.0.2/firebase-data-connect.js","firestore.memory":"https://www.gstatic.com/firebasejs/11.0.2/firebase-firestore.memory.js"}}
[info] i  Skipping write of public/index.html 
[info] 
[info] i  Detected a .git folder at C:\Users\User\yallashop 
[info] i  Authorizing with GitHub to upload your service account to a GitHub repository's secrets store. 
[info] 
[info] Visit this URL on this device to log in:
[info] https://github.com/login/oauth/authorize?client_id=89cf50f02ac6aaed3484&state=203051561&redirect_uri=http%3A%2F%2Flocalhost%3A9005&scope=read%3Auser%20repo%20public_repo
[info] 
[info] Waiting for authentication...
[debug] [2024-12-02T19:44:28.970Z] >>> [apiv2][query] POST https://github.com/login/oauth/access_token [none]
[debug] [2024-12-02T19:44:28.970Z] >>> [apiv2][body] POST https://github.com/login/oauth/access_token [stream]
[debug] [2024-12-02T19:44:29.360Z] <<< [apiv2][status] POST https://github.com/login/oauth/access_token 200
[debug] [2024-12-02T19:44:29.360Z] <<< [apiv2][body] POST https://github.com/login/oauth/access_token {"access_token":"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","token_type":"bearer","scope":"read:user,repo"}
[debug] [2024-12-02T19:44:29.373Z] >>> [apiv2][query] GET https://api.github.com/user [none]
[debug] [2024-12-02T19:44:29.719Z] <<< [apiv2][status] GET https://api.github.com/user 200
[debug] [2024-12-02T19:44:29.719Z] <<< [apiv2][body] GET https://api.github.com/user {"login":"safebenabdrabah","id":154596622,"node_id":"U_kgDOCTb1Dg","avatar_url":"https://avatars.githubusercontent.com/u/154596622?v=4","gravatar_id":"","url":"https://api.github.com/users/safebenabdrabah","html_url":"https://github.com/safebenabdrabah","followers_url":"https://api.github.com/users/safebenabdrabah/followers","following_url":"https://api.github.com/users/safebenabdrabah/following{/other_user}","gists_url":"https://api.github.com/users/safebenabdrabah/gists{/gist_id}","starred_url":"https://api.github.com/users/safebenabdrabah/starred{/owner}{/repo}","subscriptions_url":"https://api.github.com/users/safebenabdrabah/subscriptions","organizations_url":"https://api.github.com/users/safebenabdrabah/orgs","repos_url":"https://api.github.com/users/safebenabdrabah/repos","events_url":"https://api.github.com/users/safebenabdrabah/events{/privacy}","received_events_url":"https://api.github.com/users/safebenabdrabah/received_events","type":"User","user_view_type":"private","site_admin":false,"name":"Safé Ben Abdrabah","company":null,"blog":"","location":null,"email":null,"hireable":null,"bio":null,"twitter_username":null,"notification_email":null,"public_repos":6,"public_gists":0,"followers":0,"following":0,"created_at":"2023-12-22T10:42:23Z","updated_at":"2024-10-19T09:30:46Z","private_gists":0,"total_private_repos":7,"owned_private_repos":7,"disk_usage":34243,"collaborators":0,"two_factor_authentication":false,"plan":{"name":"free","space":976562499,"collaborators":0,"private_repos":10000}}
[info] 
[info] +  Success! Logged into GitHub as safebenabdrabah 
[info] 
